<?xml version="1.0" encoding="UTF-8"?>
<!-- Generated by org.testng.reporters.JUnitReportReporter -->
<testsuite hostname="DESKTOP-1SEO4JR" failures="0" tests="1" name="com.crm.qa.testcases.SignUpPageTest" time="8.531" errors="0" timestamp="13 Mar. 2023 15:51:11 GMT" skipped="0">
  <testcase classname="com.crm.qa.testcases.SignUpPageTest" name="registrationFormTest" time="8.531"/>
</testsuite> <!-- com.crm.qa.testcases.SignUpPageTest -->
