<?xml version="1.0" encoding="UTF-8"?>
<!-- Generated by org.testng.reporters.JUnitReportReporter -->
<testsuite hostname="DESKTOP-1SEO4JR" failures="0" tests="2" name="com.crm.qa.testcases.LoginPageTest" time="4.358" errors="0" timestamp="13 Mar. 2023 15:51:11 GMT" skipped="0">
  <testcase classname="com.crm.qa.testcases.LoginPageTest" name="elementNamePrintTest" time="2.470"/>
  <testcase classname="com.crm.qa.testcases.LoginPageTest" name="elementPresenceTest" time="1.888"/>
</testsuite> <!-- com.crm.qa.testcases.LoginPageTest -->
