<?xml version="1.0" encoding="UTF-8"?>
<!-- Generated by org.testng.reporters.JUnitReportReporter -->
<testsuite hostname="DESKTOP-1SEO4JR" failures="0" tests="3" name="com.crm.qa.testcases.ServicesPageTest" time="10.380" errors="0" timestamp="13 Mar. 2023 15:51:11 GMT" skipped="0">
  <testcase classname="com.crm.qa.testcases.ServicesPageTest" name="openWADLPageTest" time="4.417"/>
  <testcase classname="com.crm.qa.testcases.ServicesPageTest" name="verifyHomeLogoTest" time="2.568"/>
  <testcase classname="com.crm.qa.testcases.ServicesPageTest" name="firstTabletextTest" time="3.395"/>
</testsuite> <!-- com.crm.qa.testcases.ServicesPageTest -->
